2018-08-22 18:47:18.926  INFO 7958 --- [restartedMain] com.dnmanager.ManagementStart            : Starting ManagementStart on strive-bug.local with PID 7958 (/Users/strive_bug/Documents/dnmanager-pom/manager-web/target/classes started by strive_bug in /Users/strive_bug/Documents/dnmanager-pom)
2018-08-22 18:47:18.954  INFO 7958 --- [restartedMain] com.dnmanager.ManagementStart            : No active profile set, falling back to default profiles: default
2018-08-22 18:47:23.489  INFO 7958 --- [restartedMain] o.apache.catalina.core.StandardService   : Starting service Tomcat
2018-08-22 18:47:23.490  INFO 7958 --- [restartedMain] org.apache.catalina.core.StandardEngine  : Starting Servlet Engine: Apache Tomcat/8.5.6
2018-08-22 18:47:24.003  INFO 7958 --- [localhost-startStop-1] org.apache.jasper.servlet.TldScanner     : At least one JAR was scanned for TLDs yet contained no TLDs. Enable debug logging for this logger for a complete list of JARs that were scanned but no TLDs were found in them. Skipping unneeded JARs during scanning can improve startup time and JSP compilation time.
2018-08-22 18:47:24.032  INFO 7958 --- [localhost-startStop-1] o.a.c.c.C.[Tomcat].[localhost].[/]       : Initializing Spring embedded WebApplicationContext
2018-08-22 18:47:27.298  WARN 7958 --- [restartedMain] o.s.b.a.f.FreeMarkerAutoConfiguration    : Cannot find template location(s): [classpath:/templates/] (please add some templates, check your FreeMarker configuration, or set spring.freemarker.checkTemplateLocation=false)
2018-08-22 18:47:27.678  INFO 7958 --- [restartedMain] d.s.w.p.DocumentationPluginsBootstrapper : Context refreshed
2018-08-22 18:47:27.770  INFO 7958 --- [restartedMain] d.s.w.p.DocumentationPluginsBootstrapper : Found {0} custom documentation plugin(s)
2018-08-22 18:47:27.791  INFO 7958 --- [restartedMain] s.d.s.w.s.ApiListingReferenceScanner     : Scanning for api listing references
2018-08-22 18:47:27.803  INFO 7958 --- [restartedMain] s.w.ClassOrApiAnnotationResourceGrouping : Group for method checkVip was dev-controller
2018-08-22 18:47:27.811  INFO 7958 --- [restartedMain] s.d.s.w.s.ApiListingReferenceScanner     : Request mapping: checkVip belongs to groups: [[ResourceGroup{groupName='dev-controller', position=0, controller=com.dnmanager.controller.DevController}]] 
2018-08-22 18:47:27.812  INFO 7958 --- [restartedMain] s.w.ClassOrApiAnnotationResourceGrouping : Group for method getDevDetailsByCode was dev-controller
2018-08-22 18:47:27.812  INFO 7958 --- [restartedMain] s.d.s.w.s.ApiListingReferenceScanner     : Request mapping: getDevDetailsByCode belongs to groups: [[ResourceGroup{groupName='dev-controller', position=0, controller=com.dnmanager.controller.DevController}]] 
2018-08-22 18:47:27.812  INFO 7958 --- [restartedMain] s.w.ClassOrApiAnnotationResourceGrouping : Group for method getDevDetails was dev-controller
2018-08-22 18:47:27.812  INFO 7958 --- [restartedMain] s.d.s.w.s.ApiListingReferenceScanner     : Request mapping: getDevDetails belongs to groups: [[ResourceGroup{groupName='dev-controller', position=0, controller=com.dnmanager.controller.DevController}]] 
2018-08-22 18:47:27.813  INFO 7958 --- [restartedMain] s.w.ClassOrApiAnnotationResourceGrouping : Group for method getDevList was dev-controller
2018-08-22 18:47:27.813  INFO 7958 --- [restartedMain] s.d.s.w.s.ApiListingReferenceScanner     : Request mapping: getDevList belongs to groups: [[ResourceGroup{groupName='dev-controller', position=0, controller=com.dnmanager.controller.DevController}]] 
2018-08-22 18:47:27.813  INFO 7958 --- [restartedMain] s.w.ClassOrApiAnnotationResourceGrouping : Group for method getDevStatus was dev-controller
2018-08-22 18:47:27.813  INFO 7958 --- [restartedMain] s.d.s.w.s.ApiListingReferenceScanner     : Request mapping: getDevStatus belongs to groups: [[ResourceGroup{groupName='dev-controller', position=0, controller=com.dnmanager.controller.DevController}]] 
2018-08-22 18:47:27.813  INFO 7958 --- [restartedMain] s.w.ClassOrApiAnnotationResourceGrouping : Group for method getStopDev was dev-controller
2018-08-22 18:47:27.814  INFO 7958 --- [restartedMain] s.d.s.w.s.ApiListingReferenceScanner     : Request mapping: getStopDev belongs to groups: [[ResourceGroup{groupName='dev-controller', position=0, controller=com.dnmanager.controller.DevController}]] 
2018-08-22 18:47:27.814  INFO 7958 --- [restartedMain] s.w.ClassOrApiAnnotationResourceGrouping : Group for method getTransaction was dev-controller
2018-08-22 18:47:27.814  INFO 7958 --- [restartedMain] s.d.s.w.s.ApiListingReferenceScanner     : Request mapping: getTransaction belongs to groups: [[ResourceGroup{groupName='dev-controller', position=0, controller=com.dnmanager.controller.DevController}]] 
2018-08-22 18:47:27.814  INFO 7958 --- [restartedMain] s.w.ClassOrApiAnnotationResourceGrouping : Group for method getWarnMsg was dev-controller
2018-08-22 18:47:27.814  INFO 7958 --- [restartedMain] s.d.s.w.s.ApiListingReferenceScanner     : Request mapping: getWarnMsg belongs to groups: [[ResourceGroup{groupName='dev-controller', position=0, controller=com.dnmanager.controller.DevController}]] 
2018-08-22 18:47:27.814  INFO 7958 --- [restartedMain] s.w.ClassOrApiAnnotationResourceGrouping : Group for method homePage was dev-controller
2018-08-22 18:47:27.815  INFO 7958 --- [restartedMain] s.d.s.w.s.ApiListingReferenceScanner     : Request mapping: homePage belongs to groups: [[ResourceGroup{groupName='dev-controller', position=0, controller=com.dnmanager.controller.DevController}]] 
2018-08-22 18:47:27.815  INFO 7958 --- [restartedMain] s.w.ClassOrApiAnnotationResourceGrouping : Group for method setDevName was dev-controller
2018-08-22 18:47:27.815  INFO 7958 --- [restartedMain] s.d.s.w.s.ApiListingReferenceScanner     : Request mapping: setDevName belongs to groups: [[ResourceGroup{groupName='dev-controller', position=0, controller=com.dnmanager.controller.DevController}]] 
2018-08-22 18:47:27.815  INFO 7958 --- [restartedMain] s.w.ClassOrApiAnnotationResourceGrouping : Group for method setDevRunStatus was dev-controller
2018-08-22 18:47:27.815  INFO 7958 --- [restartedMain] s.d.s.w.s.ApiListingReferenceScanner     : Request mapping: setDevRunStatus belongs to groups: [[ResourceGroup{groupName='dev-controller', position=0, controller=com.dnmanager.controller.DevController}]] 
2018-08-22 18:47:27.815  INFO 7958 --- [restartedMain] s.w.ClassOrApiAnnotationResourceGrouping : Group for method useE was dev-controller
2018-08-22 18:47:27.815  INFO 7958 --- [restartedMain] s.d.s.w.s.ApiListingReferenceScanner     : Request mapping: useE belongs to groups: [[ResourceGroup{groupName='dev-controller', position=0, controller=com.dnmanager.controller.DevController}]] 
2018-08-22 18:47:27.816  INFO 7958 --- [restartedMain] s.w.ClassOrApiAnnotationResourceGrouping : Group for method error was basic-error-controller
2018-08-22 18:47:27.816  INFO 7958 --- [restartedMain] s.d.s.w.s.ApiListingReferenceScanner     : Request mapping: error belongs to groups: [[ResourceGroup{groupName='basic-error-controller', position=0, controller=org.springframework.boot.autoconfigure.web.BasicErrorController}]] 
2018-08-22 18:47:27.816  INFO 7958 --- [restartedMain] s.w.ClassOrApiAnnotationResourceGrouping : Group for method errorHtml was basic-error-controller
2018-08-22 18:47:27.816  INFO 7958 --- [restartedMain] s.d.s.w.s.ApiListingReferenceScanner     : Request mapping: errorHtml belongs to groups: [[ResourceGroup{groupName='basic-error-controller', position=0, controller=org.springframework.boot.autoconfigure.web.BasicErrorController}]] 
2018-08-22 18:47:27.816  INFO 7958 --- [restartedMain] s.w.ClassOrApiAnnotationResourceGrouping : Group for method forgetPassword was v-user-controller
2018-08-22 18:47:27.817  INFO 7958 --- [restartedMain] s.d.s.w.s.ApiListingReferenceScanner     : Request mapping: forgetPassword belongs to groups: [[ResourceGroup{groupName='v-user-controller', position=0, controller=com.dnmanager.controller.VUserController}]] 
2018-08-22 18:47:27.817  INFO 7958 --- [restartedMain] s.w.ClassOrApiAnnotationResourceGrouping : Group for method login was v-user-controller
2018-08-22 18:47:27.817  INFO 7958 --- [restartedMain] s.d.s.w.s.ApiListingReferenceScanner     : Request mapping: login belongs to groups: [[ResourceGroup{groupName='v-user-controller', position=0, controller=com.dnmanager.controller.VUserController}]] 
2018-08-22 18:47:27.817  INFO 7958 --- [restartedMain] s.w.ClassOrApiAnnotationResourceGrouping : Group for method reg was v-user-controller
2018-08-22 18:47:27.817  INFO 7958 --- [restartedMain] s.d.s.w.s.ApiListingReferenceScanner     : Request mapping: reg belongs to groups: [[ResourceGroup{groupName='v-user-controller', position=0, controller=com.dnmanager.controller.VUserController}]] 
2018-08-22 18:47:27.818  INFO 7958 --- [restartedMain] s.w.ClassOrApiAnnotationResourceGrouping : Group for method setUserDetails was v-user-controller
2018-08-22 18:47:27.818  INFO 7958 --- [restartedMain] s.d.s.w.s.ApiListingReferenceScanner     : Request mapping: setUserDetails belongs to groups: [[ResourceGroup{groupName='v-user-controller', position=0, controller=com.dnmanager.controller.VUserController}]] 
2018-08-22 18:47:27.821  INFO 7958 --- [restartedMain] s.d.s.w.s.ApiListingReferenceScanner     : Created resource listing Path: /default/basic-error-controller Description: basic-error-controller Position: 0
2018-08-22 18:47:27.821  INFO 7958 --- [restartedMain] s.d.s.w.s.ApiListingReferenceScanner     : Created resource listing Path: /default/dev-controller Description: dev-controller Position: 0
2018-08-22 18:47:27.822  INFO 7958 --- [restartedMain] s.d.s.w.s.ApiListingReferenceScanner     : Created resource listing Path: /default/v-user-controller Description: v-user-controller Position: 0
2018-08-22 18:47:27.898  INFO 7958 --- [restartedMain] s.d.schema.ModelContextKeyGenerator      : Cache Key Generated: java.util.Map<java.lang.String,java.lang.Object>(true)
2018-08-22 18:47:27.898  INFO 7958 --- [restartedMain] s.d.spring.web.caching.CachingAspect     : Caching aspect applied for cache models with key java.util.Map<java.lang.String,java.lang.Object>(true)
2018-08-22 18:47:27.929  INFO 7958 --- [restartedMain] s.d.schema.ModelContextKeyGenerator      : Cache Key Generated: java.util.Map<java.lang.String,java.lang.Object>(true)
2018-08-22 18:47:27.929  INFO 7958 --- [restartedMain] s.d.spring.web.caching.CachingAspect     : Caching aspect applied for cache modelDependencies with key java.util.Map<java.lang.String,java.lang.Object>(true)
2018-08-22 18:47:27.935  INFO 7958 --- [restartedMain] s.d.spring.web.OperationsKeyGenerator    : Cache key generated: /error.org.springframework.boot.autoconfigure.web.BasicErrorController.error.DefaultGenericTypeNamingStrategy
2018-08-22 18:47:27.935  INFO 7958 --- [restartedMain] s.d.spring.web.caching.CachingAspect     : Caching aspect applied for cache operations with key /error.org.springframework.boot.autoconfigure.web.BasicErrorController.error.DefaultGenericTypeNamingStrategy
2018-08-22 18:47:27.946  INFO 7958 --- [restartedMain] s.w.ClassOrApiAnnotationResourceGrouping : Group for method error was basic-error-controller
2018-08-22 18:47:27.949  INFO 7958 --- [restartedMain] s.w.ClassOrApiAnnotationResourceGrouping : Group for method error was basic-error-controller
2018-08-22 18:47:27.952  INFO 7958 --- [restartedMain] s.w.ClassOrApiAnnotationResourceGrouping : Group for method error was basic-error-controller
2018-08-22 18:47:27.953  INFO 7958 --- [restartedMain] s.w.ClassOrApiAnnotationResourceGrouping : Group for method error was basic-error-controller
2018-08-22 18:47:27.954  INFO 7958 --- [restartedMain] s.w.ClassOrApiAnnotationResourceGrouping : Group for method error was basic-error-controller
2018-08-22 18:47:27.955  INFO 7958 --- [restartedMain] s.w.ClassOrApiAnnotationResourceGrouping : Group for method error was basic-error-controller
2018-08-22 18:47:27.956  INFO 7958 --- [restartedMain] s.w.ClassOrApiAnnotationResourceGrouping : Group for method error was basic-error-controller
2018-08-22 18:47:27.956  INFO 7958 --- [restartedMain] s.w.ClassOrApiAnnotationResourceGrouping : Group for method error was basic-error-controller
2018-08-22 18:47:27.957  INFO 7958 --- [restartedMain] s.w.ClassOrApiAnnotationResourceGrouping : Group for method error was basic-error-controller
2018-08-22 18:47:27.958  INFO 7958 --- [restartedMain] s.w.ClassOrApiAnnotationResourceGrouping : Group for method error was basic-error-controller
2018-08-22 18:47:27.959  INFO 7958 --- [restartedMain] s.w.ClassOrApiAnnotationResourceGrouping : Group for method error was basic-error-controller
2018-08-22 18:47:27.961  INFO 7958 --- [restartedMain] s.w.ClassOrApiAnnotationResourceGrouping : Group for method error was basic-error-controller
2018-08-22 18:47:27.962  INFO 7958 --- [restartedMain] s.w.ClassOrApiAnnotationResourceGrouping : Group for method error was basic-error-controller
2018-08-22 18:47:27.962  INFO 7958 --- [restartedMain] s.w.ClassOrApiAnnotationResourceGrouping : Group for method error was basic-error-controller
2018-08-22 18:47:27.963  INFO 7958 --- [restartedMain] s.w.ClassOrApiAnnotationResourceGrouping : Group for method error was basic-error-controller
2018-08-22 18:47:27.964  INFO 7958 --- [restartedMain] s.w.ClassOrApiAnnotationResourceGrouping : Group for method error was basic-error-controller
2018-08-22 18:47:27.968  INFO 7958 --- [restartedMain] s.d.schema.ModelContextKeyGenerator      : Cache Key Generated: org.springframework.web.servlet.ModelAndView(true)
2018-08-22 18:47:27.968  INFO 7958 --- [restartedMain] s.d.spring.web.caching.CachingAspect     : Caching aspect applied for cache models with key org.springframework.web.servlet.ModelAndView(true)
2018-08-22 18:47:27.969  INFO 7958 --- [restartedMain] s.d.s.p.ModelPropertiesKeyGenerator      : Cache key generated: org.springframework.web.servlet.ModelAndView(true)
2018-08-22 18:47:27.969  INFO 7958 --- [restartedMain] s.d.spring.web.caching.CachingAspect     : Caching aspect applied for cache modelProperties with key org.springframework.web.servlet.ModelAndView(true)
2018-08-22 18:47:28.004  INFO 7958 --- [restartedMain] s.d.schema.ModelContextKeyGenerator      : Cache Key Generated: org.springframework.web.servlet.ModelAndView(true)
2018-08-22 18:47:28.005  INFO 7958 --- [restartedMain] s.d.spring.web.caching.CachingAspect     : Caching aspect applied for cache modelDependencies with key org.springframework.web.servlet.ModelAndView(true)
2018-08-22 18:47:28.005  INFO 7958 --- [restartedMain] s.d.s.p.ModelPropertiesKeyGenerator      : Cache key generated: org.springframework.web.servlet.ModelAndView(true)
2018-08-22 18:47:28.005  INFO 7958 --- [restartedMain] s.d.spring.web.caching.CachingAspect     : Caching aspect applied for cache modelProperties with key org.springframework.web.servlet.ModelAndView(true)
2018-08-22 18:47:28.006  INFO 7958 --- [restartedMain] s.d.s.p.ModelPropertiesKeyGenerator      : Cache key generated: org.springframework.web.servlet.View(true)
2018-08-22 18:47:28.006  INFO 7958 --- [restartedMain] s.d.spring.web.caching.CachingAspect     : Caching aspect applied for cache modelProperties with key org.springframework.web.servlet.View(true)
2018-08-22 18:47:28.007  INFO 7958 --- [restartedMain] s.d.s.p.ModelPropertiesKeyGenerator      : Cache key generated: org.springframework.web.servlet.View(true)
2018-08-22 18:47:28.007  INFO 7958 --- [restartedMain] s.d.spring.web.caching.CachingAspect     : Caching aspect applied for cache modelProperties with key org.springframework.web.servlet.View(true)
2018-08-22 18:47:28.008  INFO 7958 --- [restartedMain] s.d.spring.web.OperationsKeyGenerator    : Cache key generated: /error.org.springframework.boot.autoconfigure.web.BasicErrorController.errorHtml.DefaultGenericTypeNamingStrategy
2018-08-22 18:47:28.008  INFO 7958 --- [restartedMain] s.d.spring.web.caching.CachingAspect     : Caching aspect applied for cache operations with key /error.org.springframework.boot.autoconfigure.web.BasicErrorController.errorHtml.DefaultGenericTypeNamingStrategy
2018-08-22 18:47:28.008  INFO 7958 --- [restartedMain] s.w.ClassOrApiAnnotationResourceGrouping : Group for method errorHtml was basic-error-controller
2018-08-22 18:47:28.009  INFO 7958 --- [restartedMain] s.w.ClassOrApiAnnotationResourceGrouping : Group for method errorHtml was basic-error-controller
2018-08-22 18:47:28.010  INFO 7958 --- [restartedMain] s.w.ClassOrApiAnnotationResourceGrouping : Group for method errorHtml was basic-error-controller
2018-08-22 18:47:28.010  INFO 7958 --- [restartedMain] s.w.ClassOrApiAnnotationResourceGrouping : Group for method errorHtml was basic-error-controller
2018-08-22 18:47:28.011  INFO 7958 --- [restartedMain] s.w.ClassOrApiAnnotationResourceGrouping : Group for method errorHtml was basic-error-controller
2018-08-22 18:47:28.011  INFO 7958 --- [restartedMain] s.w.ClassOrApiAnnotationResourceGrouping : Group for method errorHtml was basic-error-controller
2018-08-22 18:47:28.012  INFO 7958 --- [restartedMain] s.w.ClassOrApiAnnotationResourceGrouping : Group for method errorHtml was basic-error-controller
2018-08-22 18:47:28.013  INFO 7958 --- [restartedMain] s.w.ClassOrApiAnnotationResourceGrouping : Group for method errorHtml was basic-error-controller
2018-08-22 18:47:28.014  INFO 7958 --- [restartedMain] s.w.ClassOrApiAnnotationResourceGrouping : Group for method errorHtml was basic-error-controller
2018-08-22 18:47:28.014  INFO 7958 --- [restartedMain] s.w.ClassOrApiAnnotationResourceGrouping : Group for method errorHtml was basic-error-controller
2018-08-22 18:47:28.015  INFO 7958 --- [restartedMain] s.w.ClassOrApiAnnotationResourceGrouping : Group for method errorHtml was basic-error-controller
2018-08-22 18:47:28.016  INFO 7958 --- [restartedMain] s.w.ClassOrApiAnnotationResourceGrouping : Group for method errorHtml was basic-error-controller
2018-08-22 18:47:28.017  INFO 7958 --- [restartedMain] s.w.ClassOrApiAnnotationResourceGrouping : Group for method errorHtml was basic-error-controller
2018-08-22 18:47:28.017  INFO 7958 --- [restartedMain] s.w.ClassOrApiAnnotationResourceGrouping : Group for method errorHtml was basic-error-controller
2018-08-22 18:47:28.018  INFO 7958 --- [restartedMain] s.w.ClassOrApiAnnotationResourceGrouping : Group for method errorHtml was basic-error-controller
2018-08-22 18:47:28.019  INFO 7958 --- [restartedMain] s.w.ClassOrApiAnnotationResourceGrouping : Group for method errorHtml was basic-error-controller
2018-08-22 18:47:28.079  INFO 7958 --- [restartedMain] s.d.schema.ModelContextKeyGenerator      : Cache Key Generated: java.lang.Object(false)
2018-08-22 18:47:28.080  INFO 7958 --- [restartedMain] s.d.spring.web.caching.CachingAspect     : Caching aspect applied for cache models with key java.lang.Object(false)
2018-08-22 18:47:28.080  INFO 7958 --- [restartedMain] s.d.schema.ModelContextKeyGenerator      : Cache Key Generated: java.lang.Object(false)
2018-08-22 18:47:28.080  INFO 7958 --- [restartedMain] s.d.spring.web.caching.CachingAspect     : Caching aspect applied for cache modelDependencies with key java.lang.Object(false)
2018-08-22 18:47:28.080  INFO 7958 --- [restartedMain] s.d.schema.ModelContextKeyGenerator      : Cache Key Generated: java.lang.Object(true)
2018-08-22 18:47:28.080  INFO 7958 --- [restartedMain] s.d.spring.web.caching.CachingAspect     : Caching aspect applied for cache models with key java.lang.Object(true)
2018-08-22 18:47:28.080  INFO 7958 --- [restartedMain] s.d.schema.ModelContextKeyGenerator      : Cache Key Generated: java.lang.Object(true)
2018-08-22 18:47:28.080  INFO 7958 --- [restartedMain] s.d.spring.web.caching.CachingAspect     : Caching aspect applied for cache modelDependencies with key java.lang.Object(true)
2018-08-22 18:47:28.081  INFO 7958 --- [restartedMain] s.d.spring.web.OperationsKeyGenerator    : Cache key generated: /dev/checkVip.com.dnmanager.controller.DevController.checkVip.DefaultGenericTypeNamingStrategy
2018-08-22 18:47:28.081  INFO 7958 --- [restartedMain] s.d.spring.web.caching.CachingAspect     : Caching aspect applied for cache operations with key /dev/checkVip.com.dnmanager.controller.DevController.checkVip.DefaultGenericTypeNamingStrategy
2018-08-22 18:47:28.085  INFO 7958 --- [restartedMain] s.w.ClassOrApiAnnotationResourceGrouping : Group for method checkVip was dev-controller
2018-08-22 18:47:28.086  INFO 7958 --- [restartedMain] s.w.ClassOrApiAnnotationResourceGrouping : Group for method checkVip was dev-controller
2018-08-22 18:47:28.087  INFO 7958 --- [restartedMain] s.w.ClassOrApiAnnotationResourceGrouping : Group for method checkVip was dev-controller
2018-08-22 18:47:28.088  INFO 7958 --- [restartedMain] s.w.ClassOrApiAnnotationResourceGrouping : Group for method checkVip was dev-controller
2018-08-22 18:47:28.089  INFO 7958 --- [restartedMain] s.w.ClassOrApiAnnotationResourceGrouping : Group for method checkVip was dev-controller
2018-08-22 18:47:28.090  INFO 7958 --- [restartedMain] s.w.ClassOrApiAnnotationResourceGrouping : Group for method checkVip was dev-controller
2018-08-22 18:47:28.091  INFO 7958 --- [restartedMain] s.w.ClassOrApiAnnotationResourceGrouping : Group for method checkVip was dev-controller
2018-08-22 18:47:28.092  INFO 7958 --- [restartedMain] s.w.ClassOrApiAnnotationResourceGrouping : Group for method checkVip was dev-controller
2018-08-22 18:47:28.093  INFO 7958 --- [restartedMain] s.w.ClassOrApiAnnotationResourceGrouping : Group for method checkVip was dev-controller
2018-08-22 18:47:28.094  INFO 7958 --- [restartedMain] s.w.ClassOrApiAnnotationResourceGrouping : Group for method checkVip was dev-controller
2018-08-22 18:47:28.096  INFO 7958 --- [restartedMain] s.w.ClassOrApiAnnotationResourceGrouping : Group for method checkVip was dev-controller
2018-08-22 18:47:28.096  INFO 7958 --- [restartedMain] s.w.ClassOrApiAnnotationResourceGrouping : Group for method checkVip was dev-controller
2018-08-22 18:47:28.098  INFO 7958 --- [restartedMain] s.w.ClassOrApiAnnotationResourceGrouping : Group for method checkVip was dev-controller
2018-08-22 18:47:28.099  INFO 7958 --- [restartedMain] s.w.ClassOrApiAnnotationResourceGrouping : Group for method checkVip was dev-controller
2018-08-22 18:47:28.100  INFO 7958 --- [restartedMain] s.w.ClassOrApiAnnotationResourceGrouping : Group for method checkVip was dev-controller
2018-08-22 18:47:28.100  INFO 7958 --- [restartedMain] s.w.ClassOrApiAnnotationResourceGrouping : Group for method checkVip was dev-controller
2018-08-22 18:47:28.102  INFO 7958 --- [restartedMain] s.d.schema.ModelContextKeyGenerator      : Cache Key Generated: java.lang.Object(false)
2018-08-22 18:47:28.102  INFO 7958 --- [restartedMain] s.d.spring.web.caching.CachingAspect     : Caching aspect applied for cache models with key java.lang.Object(false)
2018-08-22 18:47:28.102  INFO 7958 --- [restartedMain] s.d.schema.ModelContextKeyGenerator      : Cache Key Generated: java.lang.Object(false)
2018-08-22 18:47:28.102  INFO 7958 --- [restartedMain] s.d.spring.web.caching.CachingAspect     : Caching aspect applied for cache modelDependencies with key java.lang.Object(false)
2018-08-22 18:47:28.102  INFO 7958 --- [restartedMain] s.d.schema.ModelContextKeyGenerator      : Cache Key Generated: java.lang.Object(true)
2018-08-22 18:47:28.102  INFO 7958 --- [restartedMain] s.d.spring.web.caching.CachingAspect     : Caching aspect applied for cache models with key java.lang.Object(true)
2018-08-22 18:47:28.102  INFO 7958 --- [restartedMain] s.d.schema.ModelContextKeyGenerator      : Cache Key Generated: java.lang.Object(true)
2018-08-22 18:47:28.102  INFO 7958 --- [restartedMain] s.d.spring.web.caching.CachingAspect     : Caching aspect applied for cache modelDependencies with key java.lang.Object(true)
2018-08-22 18:47:28.102  INFO 7958 --- [restartedMain] s.d.spring.web.OperationsKeyGenerator    : Cache key generated: /dev/getDevDetails.com.dnmanager.controller.DevController.getDevDetails.DefaultGenericTypeNamingStrategy
2018-08-22 18:47:28.102  INFO 7958 --- [restartedMain] s.d.spring.web.caching.CachingAspect     : Caching aspect applied for cache operations with key /dev/getDevDetails.com.dnmanager.controller.DevController.getDevDetails.DefaultGenericTypeNamingStrategy
2018-08-22 18:47:28.103  INFO 7958 --- [restartedMain] s.w.ClassOrApiAnnotationResourceGrouping : Group for method getDevDetails was dev-controller
2018-08-22 18:47:28.104  INFO 7958 --- [restartedMain] s.w.ClassOrApiAnnotationResourceGrouping : Group for method getDevDetails was dev-controller
2018-08-22 18:47:28.105  INFO 7958 --- [restartedMain] s.w.ClassOrApiAnnotationResourceGrouping : Group for method getDevDetails was dev-controller
2018-08-22 18:47:28.107  INFO 7958 --- [restartedMain] s.w.ClassOrApiAnnotationResourceGrouping : Group for method getDevDetails was dev-controller
2018-08-22 18:47:28.109  INFO 7958 --- [restartedMain] s.w.ClassOrApiAnnotationResourceGrouping : Group for method getDevDetails was dev-controller
2018-08-22 18:47:28.110  INFO 7958 --- [restartedMain] s.w.ClassOrApiAnnotationResourceGrouping : Group for method getDevDetails was dev-controller
2018-08-22 18:47:28.111  INFO 7958 --- [restartedMain] s.w.ClassOrApiAnnotationResourceGrouping : Group for method getDevDetails was dev-controller
2018-08-22 18:47:28.112  INFO 7958 --- [restartedMain] s.w.ClassOrApiAnnotationResourceGrouping : Group for method getDevDetails was dev-controller
2018-08-22 18:47:28.114  INFO 7958 --- [restartedMain] s.w.ClassOrApiAnnotationResourceGrouping : Group for method getDevDetails was dev-controller
2018-08-22 18:47:28.114  INFO 7958 --- [restartedMain] s.w.ClassOrApiAnnotationResourceGrouping : Group for method getDevDetails was dev-controller
2018-08-22 18:47:28.115  INFO 7958 --- [restartedMain] s.w.ClassOrApiAnnotationResourceGrouping : Group for method getDevDetails was dev-controller
2018-08-22 18:47:28.116  INFO 7958 --- [restartedMain] s.w.ClassOrApiAnnotationResourceGrouping : Group for method getDevDetails was dev-controller
2018-08-22 18:47:28.117  INFO 7958 --- [restartedMain] s.w.ClassOrApiAnnotationResourceGrouping : Group for method getDevDetails was dev-controller
2018-08-22 18:47:28.118  INFO 7958 --- [restartedMain] s.w.ClassOrApiAnnotationResourceGrouping : Group for method getDevDetails was dev-controller
2018-08-22 18:47:28.119  INFO 7958 --- [restartedMain] s.w.ClassOrApiAnnotationResourceGrouping : Group for method getDevDetails was dev-controller
2018-08-22 18:47:28.120  INFO 7958 --- [restartedMain] s.w.ClassOrApiAnnotationResourceGrouping : Group for method getDevDetails was dev-controller
2018-08-22 18:47:28.121  INFO 7958 --- [restartedMain] s.d.schema.ModelContextKeyGenerator      : Cache Key Generated: java.lang.Object(false)
2018-08-22 18:47:28.121  INFO 7958 --- [restartedMain] s.d.spring.web.caching.CachingAspect     : Caching aspect applied for cache models with key java.lang.Object(false)
2018-08-22 18:47:28.121  INFO 7958 --- [restartedMain] s.d.schema.ModelContextKeyGenerator      : Cache Key Generated: java.lang.Object(false)
2018-08-22 18:47:28.121  INFO 7958 --- [restartedMain] s.d.spring.web.caching.CachingAspect     : Caching aspect applied for cache modelDependencies with key java.lang.Object(false)
2018-08-22 18:47:28.121  INFO 7958 --- [restartedMain] s.d.schema.ModelContextKeyGenerator      : Cache Key Generated: java.lang.Object(true)
2018-08-22 18:47:28.121  INFO 7958 --- [restartedMain] s.d.spring.web.caching.CachingAspect     : Caching aspect applied for cache models with key java.lang.Object(true)
2018-08-22 18:47:28.122  INFO 7958 --- [restartedMain] s.d.schema.ModelContextKeyGenerator      : Cache Key Generated: java.lang.Object(true)
2018-08-22 18:47:28.122  INFO 7958 --- [restartedMain] s.d.spring.web.caching.CachingAspect     : Caching aspect applied for cache modelDependencies with key java.lang.Object(true)
2018-08-22 18:47:28.122  INFO 7958 --- [restartedMain] s.d.spring.web.OperationsKeyGenerator    : Cache key generated: /dev/getDevDetailsByCode.com.dnmanager.controller.DevController.getDevDetailsByCode.DefaultGenericTypeNamingStrategy
2018-08-22 18:47:28.122  INFO 7958 --- [restartedMain] s.d.spring.web.caching.CachingAspect     : Caching aspect applied for cache operations with key /dev/getDevDetailsByCode.com.dnmanager.controller.DevController.getDevDetailsByCode.DefaultGenericTypeNamingStrategy
2018-08-22 18:47:28.123  INFO 7958 --- [restartedMain] s.w.ClassOrApiAnnotationResourceGrouping : Group for method getDevDetailsByCode was dev-controller
2018-08-22 18:47:28.124  INFO 7958 --- [restartedMain] s.w.ClassOrApiAnnotationResourceGrouping : Group for method getDevDetailsByCode was dev-controller
2018-08-22 18:47:28.125  INFO 7958 --- [restartedMain] s.w.ClassOrApiAnnotationResourceGrouping : Group for method getDevDetailsByCode was dev-controller
2018-08-22 18:47:28.126  INFO 7958 --- [restartedMain] s.w.ClassOrApiAnnotationResourceGrouping : Group for method getDevDetailsByCode was dev-controller
2018-08-22 18:47:28.127  INFO 7958 --- [restartedMain] s.w.ClassOrApiAnnotationResourceGrouping : Group for method getDevDetailsByCode was dev-controller
2018-08-22 18:47:28.127  INFO 7958 --- [restartedMain] s.w.ClassOrApiAnnotationResourceGrouping : Group for method getDevDetailsByCode was dev-controller
2018-08-22 18:47:28.129  INFO 7958 --- [restartedMain] s.w.ClassOrApiAnnotationResourceGrouping : Group for method getDevDetailsByCode was dev-controller
2018-08-22 18:47:28.129  INFO 7958 --- [restartedMain] s.w.ClassOrApiAnnotationResourceGrouping : Group for method getDevDetailsByCode was dev-controller
2018-08-22 18:47:28.130  INFO 7958 --- [restartedMain] s.w.ClassOrApiAnnotationResourceGrouping : Group for method getDevDetailsByCode was dev-controller
2018-08-22 18:47:28.131  INFO 7958 --- [restartedMain] s.w.ClassOrApiAnnotationResourceGrouping : Group for method getDevDetailsByCode was dev-controller
2018-08-22 18:47:28.132  INFO 7958 --- [restartedMain] s.w.ClassOrApiAnnotationResourceGrouping : Group for method getDevDetailsByCode was dev-controller
2018-08-22 18:47:28.133  INFO 7958 --- [restartedMain] s.w.ClassOrApiAnnotationResourceGrouping : Group for method getDevDetailsByCode was dev-controller
2018-08-22 18:47:28.134  INFO 7958 --- [restartedMain] s.w.ClassOrApiAnnotationResourceGrouping : Group for method getDevDetailsByCode was dev-controller
2018-08-22 18:47:28.135  INFO 7958 --- [restartedMain] s.w.ClassOrApiAnnotationResourceGrouping : Group for method getDevDetailsByCode was dev-controller
2018-08-22 18:47:28.136  INFO 7958 --- [restartedMain] s.w.ClassOrApiAnnotationResourceGrouping : Group for method getDevDetailsByCode was dev-controller
2018-08-22 18:47:28.137  INFO 7958 --- [restartedMain] s.w.ClassOrApiAnnotationResourceGrouping : Group for method getDevDetailsByCode was dev-controller
2018-08-22 18:47:28.138  INFO 7958 --- [restartedMain] s.d.schema.ModelContextKeyGenerator      : Cache Key Generated: java.lang.Object(false)
2018-08-22 18:47:28.138  INFO 7958 --- [restartedMain] s.d.spring.web.caching.CachingAspect     : Caching aspect applied for cache models with key java.lang.Object(false)
2018-08-22 18:47:28.138  INFO 7958 --- [restartedMain] s.d.schema.ModelContextKeyGenerator      : Cache Key Generated: java.lang.Object(false)
2018-08-22 18:47:28.138  INFO 7958 --- [restartedMain] s.d.spring.web.caching.CachingAspect     : Caching aspect applied for cache modelDependencies with key java.lang.Object(false)
2018-08-22 18:47:28.138  INFO 7958 --- [restartedMain] s.d.schema.ModelContextKeyGenerator      : Cache Key Generated: java.lang.Object(true)
2018-08-22 18:47:28.138  INFO 7958 --- [restartedMain] s.d.spring.web.caching.CachingAspect     : Caching aspect applied for cache models with key java.lang.Object(true)
2018-08-22 18:47:28.139  INFO 7958 --- [restartedMain] s.d.schema.ModelContextKeyGenerator      : Cache Key Generated: java.lang.Object(true)
2018-08-22 18:47:28.139  INFO 7958 --- [restartedMain] s.d.spring.web.caching.CachingAspect     : Caching aspect applied for cache modelDependencies with key java.lang.Object(true)
2018-08-22 18:47:28.139  INFO 7958 --- [restartedMain] s.d.spring.web.OperationsKeyGenerator    : Cache key generated: /dev/getDevList.com.dnmanager.controller.DevController.getDevList.DefaultGenericTypeNamingStrategy
2018-08-22 18:47:28.139  INFO 7958 --- [restartedMain] s.d.spring.web.caching.CachingAspect     : Caching aspect applied for cache operations with key /dev/getDevList.com.dnmanager.controller.DevController.getDevList.DefaultGenericTypeNamingStrategy
2018-08-22 18:47:28.140  INFO 7958 --- [restartedMain] s.w.ClassOrApiAnnotationResourceGrouping : Group for method getDevList was dev-controller
2018-08-22 18:47:28.140  INFO 7958 --- [restartedMain] s.w.ClassOrApiAnnotationResourceGrouping : Group for method getDevList was dev-controller
2018-08-22 18:47:28.141  INFO 7958 --- [restartedMain] s.w.ClassOrApiAnnotationResourceGrouping : Group for method getDevList was dev-controller
2018-08-22 18:47:28.142  INFO 7958 --- [restartedMain] s.w.ClassOrApiAnnotationResourceGrouping : Group for method getDevList was dev-controller
2018-08-22 18:47:28.143  INFO 7958 --- [restartedMain] s.w.ClassOrApiAnnotationResourceGrouping : Group for method getDevList was dev-controller
2018-08-22 18:47:28.144  INFO 7958 --- [restartedMain] s.w.ClassOrApiAnnotationResourceGrouping : Group for method getDevList was dev-controller
2018-08-22 18:47:28.145  INFO 7958 --- [restartedMain] s.w.ClassOrApiAnnotationResourceGrouping : Group for method getDevList was dev-controller
2018-08-22 18:47:28.146  INFO 7958 --- [restartedMain] s.w.ClassOrApiAnnotationResourceGrouping : Group for method getDevList was dev-controller
2018-08-22 18:47:28.147  INFO 7958 --- [restartedMain] s.w.ClassOrApiAnnotationResourceGrouping : Group for method getDevList was dev-controller
2018-08-22 18:47:28.148  INFO 7958 --- [restartedMain] s.w.ClassOrApiAnnotationResourceGrouping : Group for method getDevList was dev-controller
2018-08-22 18:47:28.149  INFO 7958 --- [restartedMain] s.w.ClassOrApiAnnotationResourceGrouping : Group for method getDevList was dev-controller
2018-08-22 18:47:28.150  INFO 7958 --- [restartedMain] s.w.ClassOrApiAnnotationResourceGrouping : Group for method getDevList was dev-controller
2018-08-22 18:47:28.151  INFO 7958 --- [restartedMain] s.w.ClassOrApiAnnotationResourceGrouping : Group for method getDevList was dev-controller
2018-08-22 18:47:28.152  INFO 7958 --- [restartedMain] s.w.ClassOrApiAnnotationResourceGrouping : Group for method getDevList was dev-controller
2018-08-22 18:47:28.153  INFO 7958 --- [restartedMain] s.w.ClassOrApiAnnotationResourceGrouping : Group for method getDevList was dev-controller
2018-08-22 18:47:28.153  INFO 7958 --- [restartedMain] s.w.ClassOrApiAnnotationResourceGrouping : Group for method getDevList was dev-controller
2018-08-22 18:47:28.154  INFO 7958 --- [restartedMain] s.d.schema.ModelContextKeyGenerator      : Cache Key Generated: java.lang.Object(false)
2018-08-22 18:47:28.154  INFO 7958 --- [restartedMain] s.d.spring.web.caching.CachingAspect     : Caching aspect applied for cache models with key java.lang.Object(false)
2018-08-22 18:47:28.155  INFO 7958 --- [restartedMain] s.d.schema.ModelContextKeyGenerator      : Cache Key Generated: java.lang.Object(false)
2018-08-22 18:47:28.155  INFO 7958 --- [restartedMain] s.d.spring.web.caching.CachingAspect     : Caching aspect applied for cache modelDependencies with key java.lang.Object(false)
2018-08-22 18:47:28.155  INFO 7958 --- [restartedMain] s.d.schema.ModelContextKeyGenerator      : Cache Key Generated: java.lang.Object(true)
2018-08-22 18:47:28.155  INFO 7958 --- [restartedMain] s.d.spring.web.caching.CachingAspect     : Caching aspect applied for cache models with key java.lang.Object(true)
2018-08-22 18:47:28.155  INFO 7958 --- [restartedMain] s.d.schema.ModelContextKeyGenerator      : Cache Key Generated: java.lang.Object(true)
2018-08-22 18:47:28.155  INFO 7958 --- [restartedMain] s.d.spring.web.caching.CachingAspect     : Caching aspect applied for cache modelDependencies with key java.lang.Object(true)
2018-08-22 18:47:28.155  INFO 7958 --- [restartedMain] s.d.spring.web.OperationsKeyGenerator    : Cache key generated: /dev/getDevStatus.com.dnmanager.controller.DevController.getDevStatus.DefaultGenericTypeNamingStrategy
2018-08-22 18:47:28.155  INFO 7958 --- [restartedMain] s.d.spring.web.caching.CachingAspect     : Caching aspect applied for cache operations with key /dev/getDevStatus.com.dnmanager.controller.DevController.getDevStatus.DefaultGenericTypeNamingStrategy
2018-08-22 18:47:28.156  INFO 7958 --- [restartedMain] s.w.ClassOrApiAnnotationResourceGrouping : Group for method getDevStatus was dev-controller
2018-08-22 18:47:28.156  INFO 7958 --- [restartedMain] s.w.ClassOrApiAnnotationResourceGrouping : Group for method getDevStatus was dev-controller
2018-08-22 18:47:28.157  INFO 7958 --- [restartedMain] s.w.ClassOrApiAnnotationResourceGrouping : Group for method getDevStatus was dev-controller
2018-08-22 18:47:28.158  INFO 7958 --- [restartedMain] s.w.ClassOrApiAnnotationResourceGrouping : Group for method getDevStatus was dev-controller
2018-08-22 18:47:28.159  INFO 7958 --- [restartedMain] s.w.ClassOrApiAnnotationResourceGrouping : Group for method getDevStatus was dev-controller
2018-08-22 18:47:28.160  INFO 7958 --- [restartedMain] s.w.ClassOrApiAnnotationResourceGrouping : Group for method getDevStatus was dev-controller
2018-08-22 18:47:28.161  INFO 7958 --- [restartedMain] s.w.ClassOrApiAnnotationResourceGrouping : Group for method getDevStatus was dev-controller
2018-08-22 18:47:28.162  INFO 7958 --- [restartedMain] s.w.ClassOrApiAnnotationResourceGrouping : Group for method getDevStatus was dev-controller
2018-08-22 18:47:28.163  INFO 7958 --- [restartedMain] s.w.ClassOrApiAnnotationResourceGrouping : Group for method getDevStatus was dev-controller
2018-08-22 18:47:28.163  INFO 7958 --- [restartedMain] s.w.ClassOrApiAnnotationResourceGrouping : Group for method getDevStatus was dev-controller
2018-08-22 18:47:28.164  INFO 7958 --- [restartedMain] s.w.ClassOrApiAnnotationResourceGrouping : Group for method getDevStatus was dev-controller
2018-08-22 18:47:28.165  INFO 7958 --- [restartedMain] s.w.ClassOrApiAnnotationResourceGrouping : Group for method getDevStatus was dev-controller
2018-08-22 18:47:28.166  INFO 7958 --- [restartedMain] s.w.ClassOrApiAnnotationResourceGrouping : Group for method getDevStatus was dev-controller
2018-08-22 18:47:28.167  INFO 7958 --- [restartedMain] s.w.ClassOrApiAnnotationResourceGrouping : Group for method getDevStatus was dev-controller
2018-08-22 18:47:28.168  INFO 7958 --- [restartedMain] s.w.ClassOrApiAnnotationResourceGrouping : Group for method getDevStatus was dev-controller
2018-08-22 18:47:28.168  INFO 7958 --- [restartedMain] s.w.ClassOrApiAnnotationResourceGrouping : Group for method getDevStatus was dev-controller
2018-08-22 18:47:28.169  INFO 7958 --- [restartedMain] s.d.schema.ModelContextKeyGenerator      : Cache Key Generated: java.lang.Object(false)
2018-08-22 18:47:28.169  INFO 7958 --- [restartedMain] s.d.spring.web.caching.CachingAspect     : Caching aspect applied for cache models with key java.lang.Object(false)
2018-08-22 18:47:28.169  INFO 7958 --- [restartedMain] s.d.schema.ModelContextKeyGenerator      : Cache Key Generated: java.lang.Object(false)
2018-08-22 18:47:28.169  INFO 7958 --- [restartedMain] s.d.spring.web.caching.CachingAspect     : Caching aspect applied for cache modelDependencies with key java.lang.Object(false)
2018-08-22 18:47:28.170  INFO 7958 --- [restartedMain] s.d.schema.ModelContextKeyGenerator      : Cache Key Generated: java.lang.Object(true)
2018-08-22 18:47:28.170  INFO 7958 --- [restartedMain] s.d.spring.web.caching.CachingAspect     : Caching aspect applied for cache models with key java.lang.Object(true)
2018-08-22 18:47:28.170  INFO 7958 --- [restartedMain] s.d.schema.ModelContextKeyGenerator      : Cache Key Generated: java.lang.Object(true)
2018-08-22 18:47:28.170  INFO 7958 --- [restartedMain] s.d.spring.web.caching.CachingAspect     : Caching aspect applied for cache modelDependencies with key java.lang.Object(true)
2018-08-22 18:47:28.170  INFO 7958 --- [restartedMain] s.d.spring.web.OperationsKeyGenerator    : Cache key generated: /dev/getStopDev.com.dnmanager.controller.DevController.getStopDev.DefaultGenericTypeNamingStrategy
2018-08-22 18:47:28.170  INFO 7958 --- [restartedMain] s.d.spring.web.caching.CachingAspect     : Caching aspect applied for cache operations with key /dev/getStopDev.com.dnmanager.controller.DevController.getStopDev.DefaultGenericTypeNamingStrategy
2018-08-22 18:47:28.171  INFO 7958 --- [restartedMain] s.w.ClassOrApiAnnotationResourceGrouping : Group for method getStopDev was dev-controller
2018-08-22 18:47:28.172  INFO 7958 --- [restartedMain] s.w.ClassOrApiAnnotationResourceGrouping : Group for method getStopDev was dev-controller
2018-08-22 18:47:28.173  INFO 7958 --- [restartedMain] s.w.ClassOrApiAnnotationResourceGrouping : Group for method getStopDev was dev-controller
2018-08-22 18:47:28.173  INFO 7958 --- [restartedMain] s.w.ClassOrApiAnnotationResourceGrouping : Group for method getStopDev was dev-controller
2018-08-22 18:47:28.174  INFO 7958 --- [restartedMain] s.w.ClassOrApiAnnotationResourceGrouping : Group for method getStopDev was dev-controller
2018-08-22 18:47:28.175  INFO 7958 --- [restartedMain] s.w.ClassOrApiAnnotationResourceGrouping : Group for method getStopDev was dev-controller
2018-08-22 18:47:28.176  INFO 7958 --- [restartedMain] s.w.ClassOrApiAnnotationResourceGrouping : Group for method getStopDev was dev-controller
2018-08-22 18:47:28.177  INFO 7958 --- [restartedMain] s.w.ClassOrApiAnnotationResourceGrouping : Group for method getStopDev was dev-controller
2018-08-22 18:47:28.178  INFO 7958 --- [restartedMain] s.w.ClassOrApiAnnotationResourceGrouping : Group for method getStopDev was dev-controller
2018-08-22 18:47:28.179  INFO 7958 --- [restartedMain] s.w.ClassOrApiAnnotationResourceGrouping : Group for method getStopDev was dev-controller
2018-08-22 18:47:28.180  INFO 7958 --- [restartedMain] s.w.ClassOrApiAnnotationResourceGrouping : Group for method getStopDev was dev-controller
2018-08-22 18:47:28.180  INFO 7958 --- [restartedMain] s.w.ClassOrApiAnnotationResourceGrouping : Group for method getStopDev was dev-controller
2018-08-22 18:47:28.182  INFO 7958 --- [restartedMain] s.w.ClassOrApiAnnotationResourceGrouping : Group for method getStopDev was dev-controller
2018-08-22 18:47:28.182  INFO 7958 --- [restartedMain] s.w.ClassOrApiAnnotationResourceGrouping : Group for method getStopDev was dev-controller
2018-08-22 18:47:28.184  INFO 7958 --- [restartedMain] s.w.ClassOrApiAnnotationResourceGrouping : Group for method getStopDev was dev-controller
2018-08-22 18:47:28.184  INFO 7958 --- [restartedMain] s.w.ClassOrApiAnnotationResourceGrouping : Group for method getStopDev was dev-controller
2018-08-22 18:47:28.185  INFO 7958 --- [restartedMain] s.d.schema.ModelContextKeyGenerator      : Cache Key Generated: java.lang.Object(false)
2018-08-22 18:47:28.186  INFO 7958 --- [restartedMain] s.d.spring.web.caching.CachingAspect     : Caching aspect applied for cache models with key java.lang.Object(false)
2018-08-22 18:47:28.186  INFO 7958 --- [restartedMain] s.d.schema.ModelContextKeyGenerator      : Cache Key Generated: java.lang.Object(false)
2018-08-22 18:47:28.186  INFO 7958 --- [restartedMain] s.d.spring.web.caching.CachingAspect     : Caching aspect applied for cache modelDependencies with key java.lang.Object(false)
2018-08-22 18:47:28.186  INFO 7958 --- [restartedMain] s.d.schema.ModelContextKeyGenerator      : Cache Key Generated: java.lang.Object(true)
2018-08-22 18:47:28.186  INFO 7958 --- [restartedMain] s.d.spring.web.caching.CachingAspect     : Caching aspect applied for cache models with key java.lang.Object(true)
2018-08-22 18:47:28.186  INFO 7958 --- [restartedMain] s.d.schema.ModelContextKeyGenerator      : Cache Key Generated: java.lang.Object(true)
2018-08-22 18:47:28.186  INFO 7958 --- [restartedMain] s.d.spring.web.caching.CachingAspect     : Caching aspect applied for cache modelDependencies with key java.lang.Object(true)
2018-08-22 18:47:28.186  INFO 7958 --- [restartedMain] s.d.spring.web.OperationsKeyGenerator    : Cache key generated: /dev/getTransaction.com.dnmanager.controller.DevController.getTransaction.DefaultGenericTypeNamingStrategy
2018-08-22 18:47:28.186  INFO 7958 --- [restartedMain] s.d.spring.web.caching.CachingAspect     : Caching aspect applied for cache operations with key /dev/getTransaction.com.dnmanager.controller.DevController.getTransaction.DefaultGenericTypeNamingStrategy
2018-08-22 18:47:28.187  INFO 7958 --- [restartedMain] s.w.ClassOrApiAnnotationResourceGrouping : Group for method getTransaction was dev-controller
2018-08-22 18:47:28.187  INFO 7958 --- [restartedMain] s.w.ClassOrApiAnnotationResourceGrouping : Group for method getTransaction was dev-controller
2018-08-22 18:47:28.188  INFO 7958 --- [restartedMain] s.w.ClassOrApiAnnotationResourceGrouping : Group for method getTransaction was dev-controller
2018-08-22 18:47:28.189  INFO 7958 --- [restartedMain] s.w.ClassOrApiAnnotationResourceGrouping : Group for method getTransaction was dev-controller
2018-08-22 18:47:28.190  INFO 7958 --- [restartedMain] s.w.ClassOrApiAnnotationResourceGrouping : Group for method getTransaction was dev-controller
2018-08-22 18:47:28.190  INFO 7958 --- [restartedMain] s.w.ClassOrApiAnnotationResourceGrouping : Group for method getTransaction was dev-controller
2018-08-22 18:47:28.191  INFO 7958 --- [restartedMain] s.w.ClassOrApiAnnotationResourceGrouping : Group for method getTransaction was dev-controller
2018-08-22 18:47:28.192  INFO 7958 --- [restartedMain] s.w.ClassOrApiAnnotationResourceGrouping : Group for method getTransaction was dev-controller
2018-08-22 18:47:28.193  INFO 7958 --- [restartedMain] s.w.ClassOrApiAnnotationResourceGrouping : Group for method getTransaction was dev-controller
2018-08-22 18:47:28.193  INFO 7958 --- [restartedMain] s.w.ClassOrApiAnnotationResourceGrouping : Group for method getTransaction was dev-controller
2018-08-22 18:47:28.194  INFO 7958 --- [restartedMain] s.w.ClassOrApiAnnotationResourceGrouping : Group for method getTransaction was dev-controller
2018-08-22 18:47:28.195  INFO 7958 --- [restartedMain] s.w.ClassOrApiAnnotationResourceGrouping : Group for method getTransaction was dev-controller
2018-08-22 18:47:28.196  INFO 7958 --- [restartedMain] s.w.ClassOrApiAnnotationResourceGrouping : Group for method getTransaction was dev-controller
2018-08-22 18:47:28.197  INFO 7958 --- [restartedMain] s.w.ClassOrApiAnnotationResourceGrouping : Group for method getTransaction was dev-controller
2018-08-22 18:47:28.198  INFO 7958 --- [restartedMain] s.w.ClassOrApiAnnotationResourceGrouping : Group for method getTransaction was dev-controller
2018-08-22 18:47:28.199  INFO 7958 --- [restartedMain] s.w.ClassOrApiAnnotationResourceGrouping : Group for method getTransaction was dev-controller
2018-08-22 18:47:28.200  INFO 7958 --- [restartedMain] s.d.schema.ModelContextKeyGenerator      : Cache Key Generated: java.lang.Object(false)
2018-08-22 18:47:28.200  INFO 7958 --- [restartedMain] s.d.spring.web.caching.CachingAspect     : Caching aspect applied for cache models with key java.lang.Object(false)
2018-08-22 18:47:28.200  INFO 7958 --- [restartedMain] s.d.schema.ModelContextKeyGenerator      : Cache Key Generated: java.lang.Object(false)
2018-08-22 18:47:28.200  INFO 7958 --- [restartedMain] s.d.spring.web.caching.CachingAspect     : Caching aspect applied for cache modelDependencies with key java.lang.Object(false)
2018-08-22 18:47:28.200  INFO 7958 --- [restartedMain] s.d.schema.ModelContextKeyGenerator      : Cache Key Generated: java.lang.Object(true)
2018-08-22 18:47:28.200  INFO 7958 --- [restartedMain] s.d.spring.web.caching.CachingAspect     : Caching aspect applied for cache models with key java.lang.Object(true)
2018-08-22 18:47:28.200  INFO 7958 --- [restartedMain] s.d.schema.ModelContextKeyGenerator      : Cache Key Generated: java.lang.Object(true)
2018-08-22 18:47:28.200  INFO 7958 --- [restartedMain] s.d.spring.web.caching.CachingAspect     : Caching aspect applied for cache modelDependencies with key java.lang.Object(true)
2018-08-22 18:47:28.200  INFO 7958 --- [restartedMain] s.d.spring.web.OperationsKeyGenerator    : Cache key generated: /dev/getWarnMsg.com.dnmanager.controller.DevController.getWarnMsg.DefaultGenericTypeNamingStrategy
2018-08-22 18:47:28.200  INFO 7958 --- [restartedMain] s.d.spring.web.caching.CachingAspect     : Caching aspect applied for cache operations with key /dev/getWarnMsg.com.dnmanager.controller.DevController.getWarnMsg.DefaultGenericTypeNamingStrategy
2018-08-22 18:47:28.201  INFO 7958 --- [restartedMain] s.w.ClassOrApiAnnotationResourceGrouping : Group for method getWarnMsg was dev-controller
2018-08-22 18:47:28.201  INFO 7958 --- [restartedMain] s.w.ClassOrApiAnnotationResourceGrouping : Group for method getWarnMsg was dev-controller
2018-08-22 18:47:28.202  INFO 7958 --- [restartedMain] s.w.ClassOrApiAnnotationResourceGrouping : Group for method getWarnMsg was dev-controller
2018-08-22 18:47:28.203  INFO 7958 --- [restartedMain] s.w.ClassOrApiAnnotationResourceGrouping : Group for method getWarnMsg was dev-controller
2018-08-22 18:47:28.204  INFO 7958 --- [restartedMain] s.w.ClassOrApiAnnotationResourceGrouping : Group for method getWarnMsg was dev-controller
2018-08-22 18:47:28.204  INFO 7958 --- [restartedMain] s.w.ClassOrApiAnnotationResourceGrouping : Group for method getWarnMsg was dev-controller
2018-08-22 18:47:28.205  INFO 7958 --- [restartedMain] s.w.ClassOrApiAnnotationResourceGrouping : Group for method getWarnMsg was dev-controller
2018-08-22 18:47:28.206  INFO 7958 --- [restartedMain] s.w.ClassOrApiAnnotationResourceGrouping : Group for method getWarnMsg was dev-controller
2018-08-22 18:47:28.207  INFO 7958 --- [restartedMain] s.w.ClassOrApiAnnotationResourceGrouping : Group for method getWarnMsg was dev-controller
2018-08-22 18:47:28.208  INFO 7958 --- [restartedMain] s.w.ClassOrApiAnnotationResourceGrouping : Group for method getWarnMsg was dev-controller
2018-08-22 18:47:28.209  INFO 7958 --- [restartedMain] s.w.ClassOrApiAnnotationResourceGrouping : Group for method getWarnMsg was dev-controller
2018-08-22 18:47:28.210  INFO 7958 --- [restartedMain] s.w.ClassOrApiAnnotationResourceGrouping : Group for method getWarnMsg was dev-controller
2018-08-22 18:47:28.211  INFO 7958 --- [restartedMain] s.w.ClassOrApiAnnotationResourceGrouping : Group for method getWarnMsg was dev-controller
2018-08-22 18:47:28.212  INFO 7958 --- [restartedMain] s.w.ClassOrApiAnnotationResourceGrouping : Group for method getWarnMsg was dev-controller
2018-08-22 18:47:28.213  INFO 7958 --- [restartedMain] s.w.ClassOrApiAnnotationResourceGrouping : Group for method getWarnMsg was dev-controller
2018-08-22 18:47:28.213  INFO 7958 --- [restartedMain] s.w.ClassOrApiAnnotationResourceGrouping : Group for method getWarnMsg was dev-controller
2018-08-22 18:47:28.214  INFO 7958 --- [restartedMain] s.d.schema.ModelContextKeyGenerator      : Cache Key Generated: java.lang.Object(false)
2018-08-22 18:47:28.214  INFO 7958 --- [restartedMain] s.d.spring.web.caching.CachingAspect     : Caching aspect applied for cache models with key java.lang.Object(false)
2018-08-22 18:47:28.214  INFO 7958 --- [restartedMain] s.d.schema.ModelContextKeyGenerator      : Cache Key Generated: java.lang.Object(false)
2018-08-22 18:47:28.214  INFO 7958 --- [restartedMain] s.d.spring.web.caching.CachingAspect     : Caching aspect applied for cache modelDependencies with key java.lang.Object(false)
2018-08-22 18:47:28.214  INFO 7958 --- [restartedMain] s.d.schema.ModelContextKeyGenerator      : Cache Key Generated: java.lang.Object(true)
2018-08-22 18:47:28.214  INFO 7958 --- [restartedMain] s.d.spring.web.caching.CachingAspect     : Caching aspect applied for cache models with key java.lang.Object(true)
2018-08-22 18:47:28.215  INFO 7958 --- [restartedMain] s.d.schema.ModelContextKeyGenerator      : Cache Key Generated: java.lang.Object(true)
2018-08-22 18:47:28.215  INFO 7958 --- [restartedMain] s.d.spring.web.caching.CachingAspect     : Caching aspect applied for cache modelDependencies with key java.lang.Object(true)
2018-08-22 18:47:28.215  INFO 7958 --- [restartedMain] s.d.spring.web.OperationsKeyGenerator    : Cache key generated: /dev/homepage.com.dnmanager.controller.DevController.homePage.DefaultGenericTypeNamingStrategy
2018-08-22 18:47:28.215  INFO 7958 --- [restartedMain] s.d.spring.web.caching.CachingAspect     : Caching aspect applied for cache operations with key /dev/homepage.com.dnmanager.controller.DevController.homePage.DefaultGenericTypeNamingStrategy
2018-08-22 18:47:28.216  INFO 7958 --- [restartedMain] s.w.ClassOrApiAnnotationResourceGrouping : Group for method homePage was dev-controller
2018-08-22 18:47:28.216  INFO 7958 --- [restartedMain] s.w.ClassOrApiAnnotationResourceGrouping : Group for method homePage was dev-controller
2018-08-22 18:47:28.217  INFO 7958 --- [restartedMain] s.w.ClassOrApiAnnotationResourceGrouping : Group for method homePage was dev-controller
2018-08-22 18:47:28.218  INFO 7958 --- [restartedMain] s.w.ClassOrApiAnnotationResourceGrouping : Group for method homePage was dev-controller
2018-08-22 18:47:28.219  INFO 7958 --- [restartedMain] s.w.ClassOrApiAnnotationResourceGrouping : Group for method homePage was dev-controller
2018-08-22 18:47:28.219  INFO 7958 --- [restartedMain] s.w.ClassOrApiAnnotationResourceGrouping : Group for method homePage was dev-controller
2018-08-22 18:47:28.220  INFO 7958 --- [restartedMain] s.w.ClassOrApiAnnotationResourceGrouping : Group for method homePage was dev-controller
2018-08-22 18:47:28.221  INFO 7958 --- [restartedMain] s.w.ClassOrApiAnnotationResourceGrouping : Group for method homePage was dev-controller
2018-08-22 18:47:28.222  INFO 7958 --- [restartedMain] s.w.ClassOrApiAnnotationResourceGrouping : Group for method homePage was dev-controller
2018-08-22 18:47:28.222  INFO 7958 --- [restartedMain] s.w.ClassOrApiAnnotationResourceGrouping : Group for method homePage was dev-controller
2018-08-22 18:47:28.223  INFO 7958 --- [restartedMain] s.w.ClassOrApiAnnotationResourceGrouping : Group for method homePage was dev-controller
2018-08-22 18:47:28.224  INFO 7958 --- [restartedMain] s.w.ClassOrApiAnnotationResourceGrouping : Group for method homePage was dev-controller
2018-08-22 18:47:28.225  INFO 7958 --- [restartedMain] s.w.ClassOrApiAnnotationResourceGrouping : Group for method homePage was dev-controller
2018-08-22 18:47:28.225  INFO 7958 --- [restartedMain] s.w.ClassOrApiAnnotationResourceGrouping : Group for method homePage was dev-controller
2018-08-22 18:47:28.226  INFO 7958 --- [restartedMain] s.w.ClassOrApiAnnotationResourceGrouping : Group for method homePage was dev-controller
2018-08-22 18:47:28.226  INFO 7958 --- [restartedMain] s.w.ClassOrApiAnnotationResourceGrouping : Group for method homePage was dev-controller
2018-08-22 18:47:28.227  INFO 7958 --- [restartedMain] s.d.schema.ModelContextKeyGenerator      : Cache Key Generated: java.lang.Object(false)
2018-08-22 18:47:28.227  INFO 7958 --- [restartedMain] s.d.spring.web.caching.CachingAspect     : Caching aspect applied for cache models with key java.lang.Object(false)
2018-08-22 18:47:28.227  INFO 7958 --- [restartedMain] s.d.schema.ModelContextKeyGenerator      : Cache Key Generated: java.lang.Object(false)
2018-08-22 18:47:28.228  INFO 7958 --- [restartedMain] s.d.spring.web.caching.CachingAspect     : Caching aspect applied for cache modelDependencies with key java.lang.Object(false)
2018-08-22 18:47:28.228  INFO 7958 --- [restartedMain] s.d.schema.ModelContextKeyGenerator      : Cache Key Generated: java.lang.Object(true)
2018-08-22 18:47:28.228  INFO 7958 --- [restartedMain] s.d.spring.web.caching.CachingAspect     : Caching aspect applied for cache models with key java.lang.Object(true)
2018-08-22 18:47:28.228  INFO 7958 --- [restartedMain] s.d.schema.ModelContextKeyGenerator      : Cache Key Generated: java.lang.Object(true)
2018-08-22 18:47:28.228  INFO 7958 --- [restartedMain] s.d.spring.web.caching.CachingAspect     : Caching aspect applied for cache modelDependencies with key java.lang.Object(true)
2018-08-22 18:47:28.228  INFO 7958 --- [restartedMain] s.d.spring.web.OperationsKeyGenerator    : Cache key generated: /dev/setDevName.com.dnmanager.controller.DevController.setDevName.DefaultGenericTypeNamingStrategy
2018-08-22 18:47:28.228  INFO 7958 --- [restartedMain] s.d.spring.web.caching.CachingAspect     : Caching aspect applied for cache operations with key /dev/setDevName.com.dnmanager.controller.DevController.setDevName.DefaultGenericTypeNamingStrategy
2018-08-22 18:47:28.229  INFO 7958 --- [restartedMain] s.w.ClassOrApiAnnotationResourceGrouping : Group for method setDevName was dev-controller
2018-08-22 18:47:28.229  INFO 7958 --- [restartedMain] s.w.ClassOrApiAnnotationResourceGrouping : Group for method setDevName was dev-controller
2018-08-22 18:47:28.230  INFO 7958 --- [restartedMain] s.w.ClassOrApiAnnotationResourceGrouping : Group for method setDevName was dev-controller
2018-08-22 18:47:28.231  INFO 7958 --- [restartedMain] s.w.ClassOrApiAnnotationResourceGrouping : Group for method setDevName was dev-controller
2018-08-22 18:47:28.232  INFO 7958 --- [restartedMain] s.w.ClassOrApiAnnotationResourceGrouping : Group for method setDevName was dev-controller
2018-08-22 18:47:28.232  INFO 7958 --- [restartedMain] s.w.ClassOrApiAnnotationResourceGrouping : Group for method setDevName was dev-controller
2018-08-22 18:47:28.233  INFO 7958 --- [restartedMain] s.w.ClassOrApiAnnotationResourceGrouping : Group for method setDevName was dev-controller
2018-08-22 18:47:28.234  INFO 7958 --- [restartedMain] s.w.ClassOrApiAnnotationResourceGrouping : Group for method setDevName was dev-controller
2018-08-22 18:47:28.234  INFO 7958 --- [restartedMain] s.w.ClassOrApiAnnotationResourceGrouping : Group for method setDevName was dev-controller
2018-08-22 18:47:28.235  INFO 7958 --- [restartedMain] s.w.ClassOrApiAnnotationResourceGrouping : Group for method setDevName was dev-controller
2018-08-22 18:47:28.236  INFO 7958 --- [restartedMain] s.w.ClassOrApiAnnotationResourceGrouping : Group for method setDevName was dev-controller
2018-08-22 18:47:28.236  INFO 7958 --- [restartedMain] s.w.ClassOrApiAnnotationResourceGrouping : Group for method setDevName was dev-controller
2018-08-22 18:47:28.237  INFO 7958 --- [restartedMain] s.w.ClassOrApiAnnotationResourceGrouping : Group for method setDevName was dev-controller
2018-08-22 18:47:28.238  INFO 7958 --- [restartedMain] s.w.ClassOrApiAnnotationResourceGrouping : Group for method setDevName was dev-controller
2018-08-22 18:47:28.239  INFO 7958 --- [restartedMain] s.w.ClassOrApiAnnotationResourceGrouping : Group for method setDevName was dev-controller
2018-08-22 18:47:28.239  INFO 7958 --- [restartedMain] s.w.ClassOrApiAnnotationResourceGrouping : Group for method setDevName was dev-controller
2018-08-22 18:47:28.240  INFO 7958 --- [restartedMain] s.d.schema.ModelContextKeyGenerator      : Cache Key Generated: java.lang.Object(false)
2018-08-22 18:47:28.240  INFO 7958 --- [restartedMain] s.d.spring.web.caching.CachingAspect     : Caching aspect applied for cache models with key java.lang.Object(false)
2018-08-22 18:47:28.240  INFO 7958 --- [restartedMain] s.d.schema.ModelContextKeyGenerator      : Cache Key Generated: java.lang.Object(false)
2018-08-22 18:47:28.240  INFO 7958 --- [restartedMain] s.d.spring.web.caching.CachingAspect     : Caching aspect applied for cache modelDependencies with key java.lang.Object(false)
2018-08-22 18:47:28.240  INFO 7958 --- [restartedMain] s.d.schema.ModelContextKeyGenerator      : Cache Key Generated: java.lang.Object(true)
2018-08-22 18:47:28.240  INFO 7958 --- [restartedMain] s.d.spring.web.caching.CachingAspect     : Caching aspect applied for cache models with key java.lang.Object(true)
2018-08-22 18:47:28.240  INFO 7958 --- [restartedMain] s.d.schema.ModelContextKeyGenerator      : Cache Key Generated: java.lang.Object(true)
2018-08-22 18:47:28.240  INFO 7958 --- [restartedMain] s.d.spring.web.caching.CachingAspect     : Caching aspect applied for cache modelDependencies with key java.lang.Object(true)
2018-08-22 18:47:28.240  INFO 7958 --- [restartedMain] s.d.spring.web.OperationsKeyGenerator    : Cache key generated: /dev/setDevRunStatus.com.dnmanager.controller.DevController.setDevRunStatus.DefaultGenericTypeNamingStrategy
2018-08-22 18:47:28.241  INFO 7958 --- [restartedMain] s.d.spring.web.caching.CachingAspect     : Caching aspect applied for cache operations with key /dev/setDevRunStatus.com.dnmanager.controller.DevController.setDevRunStatus.DefaultGenericTypeNamingStrategy
2018-08-22 18:47:28.241  INFO 7958 --- [restartedMain] s.w.ClassOrApiAnnotationResourceGrouping : Group for method setDevRunStatus was dev-controller
2018-08-22 18:47:28.242  INFO 7958 --- [restartedMain] s.w.ClassOrApiAnnotationResourceGrouping : Group for method setDevRunStatus was dev-controller
2018-08-22 18:47:28.243  INFO 7958 --- [restartedMain] s.w.ClassOrApiAnnotationResourceGrouping : Group for method setDevRunStatus was dev-controller
2018-08-22 18:47:28.243  INFO 7958 --- [restartedMain] s.w.ClassOrApiAnnotationResourceGrouping : Group for method setDevRunStatus was dev-controller
2018-08-22 18:47:28.244  INFO 7958 --- [restartedMain] s.w.ClassOrApiAnnotationResourceGrouping : Group for method setDevRunStatus was dev-controller
2018-08-22 18:47:28.245  INFO 7958 --- [restartedMain] s.w.ClassOrApiAnnotationResourceGrouping : Group for method setDevRunStatus was dev-controller
2018-08-22 18:47:28.246  INFO 7958 --- [restartedMain] s.w.ClassOrApiAnnotationResourceGrouping : Group for method setDevRunStatus was dev-controller
2018-08-22 18:47:28.246  INFO 7958 --- [restartedMain] s.w.ClassOrApiAnnotationResourceGrouping : Group for method setDevRunStatus was dev-controller
2018-08-22 18:47:28.247  INFO 7958 --- [restartedMain] s.w.ClassOrApiAnnotationResourceGrouping : Group for method setDevRunStatus was dev-controller
2018-08-22 18:47:28.247  INFO 7958 --- [restartedMain] s.w.ClassOrApiAnnotationResourceGrouping : Group for method setDevRunStatus was dev-controller
2018-08-22 18:47:28.248  INFO 7958 --- [restartedMain] s.w.ClassOrApiAnnotationResourceGrouping : Group for method setDevRunStatus was dev-controller
2018-08-22 18:47:28.249  INFO 7958 --- [restartedMain] s.w.ClassOrApiAnnotationResourceGrouping : Group for method setDevRunStatus was dev-controller
2018-08-22 18:47:28.249  INFO 7958 --- [restartedMain] s.w.ClassOrApiAnnotationResourceGrouping : Group for method setDevRunStatus was dev-controller
2018-08-22 18:47:28.250  INFO 7958 --- [restartedMain] s.w.ClassOrApiAnnotationResourceGrouping : Group for method setDevRunStatus was dev-controller
2018-08-22 18:47:28.251  INFO 7958 --- [restartedMain] s.w.ClassOrApiAnnotationResourceGrouping : Group for method setDevRunStatus was dev-controller
2018-08-22 18:47:28.251  INFO 7958 --- [restartedMain] s.w.ClassOrApiAnnotationResourceGrouping : Group for method setDevRunStatus was dev-controller
2018-08-22 18:47:28.252  INFO 7958 --- [restartedMain] s.d.schema.ModelContextKeyGenerator      : Cache Key Generated: java.lang.Object(false)
2018-08-22 18:47:28.252  INFO 7958 --- [restartedMain] s.d.spring.web.caching.CachingAspect     : Caching aspect applied for cache models with key java.lang.Object(false)
2018-08-22 18:47:28.252  INFO 7958 --- [restartedMain] s.d.schema.ModelContextKeyGenerator      : Cache Key Generated: java.lang.Object(false)
2018-08-22 18:47:28.252  INFO 7958 --- [restartedMain] s.d.spring.web.caching.CachingAspect     : Caching aspect applied for cache modelDependencies with key java.lang.Object(false)
2018-08-22 18:47:28.252  INFO 7958 --- [restartedMain] s.d.schema.ModelContextKeyGenerator      : Cache Key Generated: java.lang.Object(true)
2018-08-22 18:47:28.252  INFO 7958 --- [restartedMain] s.d.spring.web.caching.CachingAspect     : Caching aspect applied for cache models with key java.lang.Object(true)
2018-08-22 18:47:28.252  INFO 7958 --- [restartedMain] s.d.schema.ModelContextKeyGenerator      : Cache Key Generated: java.lang.Object(true)
2018-08-22 18:47:28.252  INFO 7958 --- [restartedMain] s.d.spring.web.caching.CachingAspect     : Caching aspect applied for cache modelDependencies with key java.lang.Object(true)
2018-08-22 18:47:28.253  INFO 7958 --- [restartedMain] s.d.spring.web.OperationsKeyGenerator    : Cache key generated: /dev/useE.com.dnmanager.controller.DevController.useE.DefaultGenericTypeNamingStrategy
2018-08-22 18:47:28.253  INFO 7958 --- [restartedMain] s.d.spring.web.caching.CachingAspect     : Caching aspect applied for cache operations with key /dev/useE.com.dnmanager.controller.DevController.useE.DefaultGenericTypeNamingStrategy
2018-08-22 18:47:28.253  INFO 7958 --- [restartedMain] s.w.ClassOrApiAnnotationResourceGrouping : Group for method useE was dev-controller
2018-08-22 18:47:28.254  INFO 7958 --- [restartedMain] s.w.ClassOrApiAnnotationResourceGrouping : Group for method useE was dev-controller
2018-08-22 18:47:28.255  INFO 7958 --- [restartedMain] s.w.ClassOrApiAnnotationResourceGrouping : Group for method useE was dev-controller
2018-08-22 18:47:28.255  INFO 7958 --- [restartedMain] s.w.ClassOrApiAnnotationResourceGrouping : Group for method useE was dev-controller
2018-08-22 18:47:28.256  INFO 7958 --- [restartedMain] s.w.ClassOrApiAnnotationResourceGrouping : Group for method useE was dev-controller
2018-08-22 18:47:28.257  INFO 7958 --- [restartedMain] s.w.ClassOrApiAnnotationResourceGrouping : Group for method useE was dev-controller
2018-08-22 18:47:28.258  INFO 7958 --- [restartedMain] s.w.ClassOrApiAnnotationResourceGrouping : Group for method useE was dev-controller
2018-08-22 18:47:28.258  INFO 7958 --- [restartedMain] s.w.ClassOrApiAnnotationResourceGrouping : Group for method useE was dev-controller
2018-08-22 18:47:28.259  INFO 7958 --- [restartedMain] s.w.ClassOrApiAnnotationResourceGrouping : Group for method useE was dev-controller
2018-08-22 18:47:28.259  INFO 7958 --- [restartedMain] s.w.ClassOrApiAnnotationResourceGrouping : Group for method useE was dev-controller
2018-08-22 18:47:28.260  INFO 7958 --- [restartedMain] s.w.ClassOrApiAnnotationResourceGrouping : Group for method useE was dev-controller
2018-08-22 18:47:28.261  INFO 7958 --- [restartedMain] s.w.ClassOrApiAnnotationResourceGrouping : Group for method useE was dev-controller
2018-08-22 18:47:28.262  INFO 7958 --- [restartedMain] s.w.ClassOrApiAnnotationResourceGrouping : Group for method useE was dev-controller
2018-08-22 18:47:28.262  INFO 7958 --- [restartedMain] s.w.ClassOrApiAnnotationResourceGrouping : Group for method useE was dev-controller
2018-08-22 18:47:28.263  INFO 7958 --- [restartedMain] s.w.ClassOrApiAnnotationResourceGrouping : Group for method useE was dev-controller
2018-08-22 18:47:28.263  INFO 7958 --- [restartedMain] s.w.ClassOrApiAnnotationResourceGrouping : Group for method useE was dev-controller
2018-08-22 18:47:28.264  INFO 7958 --- [restartedMain] s.d.schema.ModelContextKeyGenerator      : Cache Key Generated: java.lang.Object(false)
2018-08-22 18:47:28.265  INFO 7958 --- [restartedMain] s.d.spring.web.caching.CachingAspect     : Caching aspect applied for cache models with key java.lang.Object(false)
2018-08-22 18:47:28.265  INFO 7958 --- [restartedMain] s.d.schema.ModelContextKeyGenerator      : Cache Key Generated: java.lang.Object(false)
2018-08-22 18:47:28.265  INFO 7958 --- [restartedMain] s.d.spring.web.caching.CachingAspect     : Caching aspect applied for cache modelDependencies with key java.lang.Object(false)
2018-08-22 18:47:28.265  INFO 7958 --- [restartedMain] s.d.schema.ModelContextKeyGenerator      : Cache Key Generated: java.lang.Object(true)
2018-08-22 18:47:28.265  INFO 7958 --- [restartedMain] s.d.spring.web.caching.CachingAspect     : Caching aspect applied for cache models with key java.lang.Object(true)
2018-08-22 18:47:28.265  INFO 7958 --- [restartedMain] s.d.schema.ModelContextKeyGenerator      : Cache Key Generated: java.lang.Object(true)
2018-08-22 18:47:28.265  INFO 7958 --- [restartedMain] s.d.spring.web.caching.CachingAspect     : Caching aspect applied for cache modelDependencies with key java.lang.Object(true)
2018-08-22 18:47:28.265  INFO 7958 --- [restartedMain] s.d.spring.web.OperationsKeyGenerator    : Cache key generated: /vuser/forgetPassword.com.dnmanager.controller.VUserController.forgetPassword.DefaultGenericTypeNamingStrategy
2018-08-22 18:47:28.265  INFO 7958 --- [restartedMain] s.d.spring.web.caching.CachingAspect     : Caching aspect applied for cache operations with key /vuser/forgetPassword.com.dnmanager.controller.VUserController.forgetPassword.DefaultGenericTypeNamingStrategy
2018-08-22 18:47:28.265  INFO 7958 --- [restartedMain] s.w.ClassOrApiAnnotationResourceGrouping : Group for method forgetPassword was v-user-controller
2018-08-22 18:47:28.266  INFO 7958 --- [restartedMain] s.w.ClassOrApiAnnotationResourceGrouping : Group for method forgetPassword was v-user-controller
2018-08-22 18:47:28.266  INFO 7958 --- [restartedMain] s.w.ClassOrApiAnnotationResourceGrouping : Group for method forgetPassword was v-user-controller
2018-08-22 18:47:28.267  INFO 7958 --- [restartedMain] s.w.ClassOrApiAnnotationResourceGrouping : Group for method forgetPassword was v-user-controller
2018-08-22 18:47:28.267  INFO 7958 --- [restartedMain] s.w.ClassOrApiAnnotationResourceGrouping : Group for method forgetPassword was v-user-controller
2018-08-22 18:47:28.267  INFO 7958 --- [restartedMain] s.w.ClassOrApiAnnotationResourceGrouping : Group for method forgetPassword was v-user-controller
2018-08-22 18:47:28.268  INFO 7958 --- [restartedMain] s.w.ClassOrApiAnnotationResourceGrouping : Group for method forgetPassword was v-user-controller
2018-08-22 18:47:28.268  INFO 7958 --- [restartedMain] s.w.ClassOrApiAnnotationResourceGrouping : Group for method forgetPassword was v-user-controller
2018-08-22 18:47:28.269  INFO 7958 --- [restartedMain] s.w.ClassOrApiAnnotationResourceGrouping : Group for method forgetPassword was v-user-controller
2018-08-22 18:47:28.269  INFO 7958 --- [restartedMain] s.w.ClassOrApiAnnotationResourceGrouping : Group for method forgetPassword was v-user-controller
2018-08-22 18:47:28.270  INFO 7958 --- [restartedMain] s.w.ClassOrApiAnnotationResourceGrouping : Group for method forgetPassword was v-user-controller
2018-08-22 18:47:28.270  INFO 7958 --- [restartedMain] s.w.ClassOrApiAnnotationResourceGrouping : Group for method forgetPassword was v-user-controller
2018-08-22 18:47:28.271  INFO 7958 --- [restartedMain] s.w.ClassOrApiAnnotationResourceGrouping : Group for method forgetPassword was v-user-controller
2018-08-22 18:47:28.271  INFO 7958 --- [restartedMain] s.w.ClassOrApiAnnotationResourceGrouping : Group for method forgetPassword was v-user-controller
2018-08-22 18:47:28.271  INFO 7958 --- [restartedMain] s.w.ClassOrApiAnnotationResourceGrouping : Group for method forgetPassword was v-user-controller
2018-08-22 18:47:28.272  INFO 7958 --- [restartedMain] s.w.ClassOrApiAnnotationResourceGrouping : Group for method forgetPassword was v-user-controller
2018-08-22 18:47:28.272  INFO 7958 --- [restartedMain] s.d.schema.ModelContextKeyGenerator      : Cache Key Generated: java.lang.Object(false)
2018-08-22 18:47:28.272  INFO 7958 --- [restartedMain] s.d.spring.web.caching.CachingAspect     : Caching aspect applied for cache models with key java.lang.Object(false)
2018-08-22 18:47:28.273  INFO 7958 --- [restartedMain] s.d.schema.ModelContextKeyGenerator      : Cache Key Generated: java.lang.Object(false)
2018-08-22 18:47:28.273  INFO 7958 --- [restartedMain] s.d.spring.web.caching.CachingAspect     : Caching aspect applied for cache modelDependencies with key java.lang.Object(false)
2018-08-22 18:47:28.273  INFO 7958 --- [restartedMain] s.d.schema.ModelContextKeyGenerator      : Cache Key Generated: java.lang.Object(true)
2018-08-22 18:47:28.273  INFO 7958 --- [restartedMain] s.d.spring.web.caching.CachingAspect     : Caching aspect applied for cache models with key java.lang.Object(true)
2018-08-22 18:47:28.273  INFO 7958 --- [restartedMain] s.d.schema.ModelContextKeyGenerator      : Cache Key Generated: java.lang.Object(true)
2018-08-22 18:47:28.273  INFO 7958 --- [restartedMain] s.d.spring.web.caching.CachingAspect     : Caching aspect applied for cache modelDependencies with key java.lang.Object(true)
2018-08-22 18:47:28.273  INFO 7958 --- [restartedMain] s.d.spring.web.OperationsKeyGenerator    : Cache key generated: /vuser/login.com.dnmanager.controller.VUserController.login.DefaultGenericTypeNamingStrategy
2018-08-22 18:47:28.273  INFO 7958 --- [restartedMain] s.d.spring.web.caching.CachingAspect     : Caching aspect applied for cache operations with key /vuser/login.com.dnmanager.controller.VUserController.login.DefaultGenericTypeNamingStrategy
2018-08-22 18:47:28.274  INFO 7958 --- [restartedMain] s.w.ClassOrApiAnnotationResourceGrouping : Group for method login was v-user-controller
2018-08-22 18:47:28.274  INFO 7958 --- [restartedMain] s.w.ClassOrApiAnnotationResourceGrouping : Group for method login was v-user-controller
2018-08-22 18:47:28.275  INFO 7958 --- [restartedMain] s.w.ClassOrApiAnnotationResourceGrouping : Group for method login was v-user-controller
2018-08-22 18:47:28.275  INFO 7958 --- [restartedMain] s.w.ClassOrApiAnnotationResourceGrouping : Group for method login was v-user-controller
2018-08-22 18:47:28.275  INFO 7958 --- [restartedMain] s.w.ClassOrApiAnnotationResourceGrouping : Group for method login was v-user-controller
2018-08-22 18:47:28.276  INFO 7958 --- [restartedMain] s.w.ClassOrApiAnnotationResourceGrouping : Group for method login was v-user-controller
2018-08-22 18:47:28.276  INFO 7958 --- [restartedMain] s.w.ClassOrApiAnnotationResourceGrouping : Group for method login was v-user-controller
2018-08-22 18:47:28.276  INFO 7958 --- [restartedMain] s.w.ClassOrApiAnnotationResourceGrouping : Group for method login was v-user-controller
2018-08-22 18:47:28.277  INFO 7958 --- [restartedMain] s.w.ClassOrApiAnnotationResourceGrouping : Group for method login was v-user-controller
2018-08-22 18:47:28.277  INFO 7958 --- [restartedMain] s.w.ClassOrApiAnnotationResourceGrouping : Group for method login was v-user-controller
2018-08-22 18:47:28.278  INFO 7958 --- [restartedMain] s.w.ClassOrApiAnnotationResourceGrouping : Group for method login was v-user-controller
2018-08-22 18:47:28.278  INFO 7958 --- [restartedMain] s.w.ClassOrApiAnnotationResourceGrouping : Group for method login was v-user-controller
2018-08-22 18:47:28.279  INFO 7958 --- [restartedMain] s.w.ClassOrApiAnnotationResourceGrouping : Group for method login was v-user-controller
2018-08-22 18:47:28.279  INFO 7958 --- [restartedMain] s.w.ClassOrApiAnnotationResourceGrouping : Group for method login was v-user-controller
2018-08-22 18:47:28.280  INFO 7958 --- [restartedMain] s.w.ClassOrApiAnnotationResourceGrouping : Group for method login was v-user-controller
2018-08-22 18:47:28.280  INFO 7958 --- [restartedMain] s.w.ClassOrApiAnnotationResourceGrouping : Group for method login was v-user-controller
2018-08-22 18:47:28.281  INFO 7958 --- [restartedMain] s.d.schema.ModelContextKeyGenerator      : Cache Key Generated: java.lang.Object(false)
2018-08-22 18:47:28.281  INFO 7958 --- [restartedMain] s.d.spring.web.caching.CachingAspect     : Caching aspect applied for cache models with key java.lang.Object(false)
2018-08-22 18:47:28.281  INFO 7958 --- [restartedMain] s.d.schema.ModelContextKeyGenerator      : Cache Key Generated: java.lang.Object(false)
2018-08-22 18:47:28.281  INFO 7958 --- [restartedMain] s.d.spring.web.caching.CachingAspect     : Caching aspect applied for cache modelDependencies with key java.lang.Object(false)
2018-08-22 18:47:28.281  INFO 7958 --- [restartedMain] s.d.schema.ModelContextKeyGenerator      : Cache Key Generated: java.lang.Object(true)
2018-08-22 18:47:28.281  INFO 7958 --- [restartedMain] s.d.spring.web.caching.CachingAspect     : Caching aspect applied for cache models with key java.lang.Object(true)
2018-08-22 18:47:28.281  INFO 7958 --- [restartedMain] s.d.schema.ModelContextKeyGenerator      : Cache Key Generated: java.lang.Object(true)
2018-08-22 18:47:28.281  INFO 7958 --- [restartedMain] s.d.spring.web.caching.CachingAspect     : Caching aspect applied for cache modelDependencies with key java.lang.Object(true)
2018-08-22 18:47:28.281  INFO 7958 --- [restartedMain] s.d.spring.web.OperationsKeyGenerator    : Cache key generated: /vuser/reg.com.dnmanager.controller.VUserController.reg.DefaultGenericTypeNamingStrategy
2018-08-22 18:47:28.281  INFO 7958 --- [restartedMain] s.d.spring.web.caching.CachingAspect     : Caching aspect applied for cache operations with key /vuser/reg.com.dnmanager.controller.VUserController.reg.DefaultGenericTypeNamingStrategy
2018-08-22 18:47:28.282  INFO 7958 --- [restartedMain] s.w.ClassOrApiAnnotationResourceGrouping : Group for method reg was v-user-controller
2018-08-22 18:47:28.282  INFO 7958 --- [restartedMain] s.w.ClassOrApiAnnotationResourceGrouping : Group for method reg was v-user-controller
2018-08-22 18:47:28.283  INFO 7958 --- [restartedMain] s.w.ClassOrApiAnnotationResourceGrouping : Group for method reg was v-user-controller
2018-08-22 18:47:28.283  INFO 7958 --- [restartedMain] s.w.ClassOrApiAnnotationResourceGrouping : Group for method reg was v-user-controller
2018-08-22 18:47:28.283  INFO 7958 --- [restartedMain] s.w.ClassOrApiAnnotationResourceGrouping : Group for method reg was v-user-controller
2018-08-22 18:47:28.284  INFO 7958 --- [restartedMain] s.w.ClassOrApiAnnotationResourceGrouping : Group for method reg was v-user-controller
2018-08-22 18:47:28.284  INFO 7958 --- [restartedMain] s.w.ClassOrApiAnnotationResourceGrouping : Group for method reg was v-user-controller
2018-08-22 18:47:28.285  INFO 7958 --- [restartedMain] s.w.ClassOrApiAnnotationResourceGrouping : Group for method reg was v-user-controller
2018-08-22 18:47:28.285  INFO 7958 --- [restartedMain] s.w.ClassOrApiAnnotationResourceGrouping : Group for method reg was v-user-controller
2018-08-22 18:47:28.285  INFO 7958 --- [restartedMain] s.w.ClassOrApiAnnotationResourceGrouping : Group for method reg was v-user-controller
2018-08-22 18:47:28.286  INFO 7958 --- [restartedMain] s.w.ClassOrApiAnnotationResourceGrouping : Group for method reg was v-user-controller
2018-08-22 18:47:28.286  INFO 7958 --- [restartedMain] s.w.ClassOrApiAnnotationResourceGrouping : Group for method reg was v-user-controller
2018-08-22 18:47:28.287  INFO 7958 --- [restartedMain] s.w.ClassOrApiAnnotationResourceGrouping : Group for method reg was v-user-controller
2018-08-22 18:47:28.287  INFO 7958 --- [restartedMain] s.w.ClassOrApiAnnotationResourceGrouping : Group for method reg was v-user-controller
2018-08-22 18:47:28.288  INFO 7958 --- [restartedMain] s.w.ClassOrApiAnnotationResourceGrouping : Group for method reg was v-user-controller
2018-08-22 18:47:28.288  INFO 7958 --- [restartedMain] s.w.ClassOrApiAnnotationResourceGrouping : Group for method reg was v-user-controller
2018-08-22 18:47:28.289  INFO 7958 --- [restartedMain] s.d.schema.ModelContextKeyGenerator      : Cache Key Generated: java.lang.Object(false)
2018-08-22 18:47:28.289  INFO 7958 --- [restartedMain] s.d.spring.web.caching.CachingAspect     : Caching aspect applied for cache models with key java.lang.Object(false)
2018-08-22 18:47:28.289  INFO 7958 --- [restartedMain] s.d.schema.ModelContextKeyGenerator      : Cache Key Generated: java.lang.Object(false)
2018-08-22 18:47:28.289  INFO 7958 --- [restartedMain] s.d.spring.web.caching.CachingAspect     : Caching aspect applied for cache modelDependencies with key java.lang.Object(false)
2018-08-22 18:47:28.289  INFO 7958 --- [restartedMain] s.d.schema.ModelContextKeyGenerator      : Cache Key Generated: java.lang.Object(true)
2018-08-22 18:47:28.289  INFO 7958 --- [restartedMain] s.d.spring.web.caching.CachingAspect     : Caching aspect applied for cache models with key java.lang.Object(true)
2018-08-22 18:47:28.289  INFO 7958 --- [restartedMain] s.d.schema.ModelContextKeyGenerator      : Cache Key Generated: java.lang.Object(true)
2018-08-22 18:47:28.289  INFO 7958 --- [restartedMain] s.d.spring.web.caching.CachingAspect     : Caching aspect applied for cache modelDependencies with key java.lang.Object(true)
2018-08-22 18:47:28.289  INFO 7958 --- [restartedMain] s.d.spring.web.OperationsKeyGenerator    : Cache key generated: /vuser/setUserDetails.com.dnmanager.controller.VUserController.setUserDetails.DefaultGenericTypeNamingStrategy
2018-08-22 18:47:28.289  INFO 7958 --- [restartedMain] s.d.spring.web.caching.CachingAspect     : Caching aspect applied for cache operations with key /vuser/setUserDetails.com.dnmanager.controller.VUserController.setUserDetails.DefaultGenericTypeNamingStrategy
2018-08-22 18:47:28.290  INFO 7958 --- [restartedMain] s.w.ClassOrApiAnnotationResourceGrouping : Group for method setUserDetails was v-user-controller
2018-08-22 18:47:28.290  INFO 7958 --- [restartedMain] s.w.ClassOrApiAnnotationResourceGrouping : Group for method setUserDetails was v-user-controller
2018-08-22 18:47:28.291  INFO 7958 --- [restartedMain] s.w.ClassOrApiAnnotationResourceGrouping : Group for method setUserDetails was v-user-controller
2018-08-22 18:47:28.291  INFO 7958 --- [restartedMain] s.w.ClassOrApiAnnotationResourceGrouping : Group for method setUserDetails was v-user-controller
2018-08-22 18:47:28.292  INFO 7958 --- [restartedMain] s.w.ClassOrApiAnnotationResourceGrouping : Group for method setUserDetails was v-user-controller
2018-08-22 18:47:28.292  INFO 7958 --- [restartedMain] s.w.ClassOrApiAnnotationResourceGrouping : Group for method setUserDetails was v-user-controller
2018-08-22 18:47:28.292  INFO 7958 --- [restartedMain] s.w.ClassOrApiAnnotationResourceGrouping : Group for method setUserDetails was v-user-controller
2018-08-22 18:47:28.293  INFO 7958 --- [restartedMain] s.w.ClassOrApiAnnotationResourceGrouping : Group for method setUserDetails was v-user-controller
2018-08-22 18:47:28.293  INFO 7958 --- [restartedMain] s.w.ClassOrApiAnnotationResourceGrouping : Group for method setUserDetails was v-user-controller
2018-08-22 18:47:28.293  INFO 7958 --- [restartedMain] s.w.ClassOrApiAnnotationResourceGrouping : Group for method setUserDetails was v-user-controller
2018-08-22 18:47:28.294  INFO 7958 --- [restartedMain] s.w.ClassOrApiAnnotationResourceGrouping : Group for method setUserDetails was v-user-controller
2018-08-22 18:47:28.294  INFO 7958 --- [restartedMain] s.w.ClassOrApiAnnotationResourceGrouping : Group for method setUserDetails was v-user-controller
2018-08-22 18:47:28.295  INFO 7958 --- [restartedMain] s.w.ClassOrApiAnnotationResourceGrouping : Group for method setUserDetails was v-user-controller
2018-08-22 18:47:28.295  INFO 7958 --- [restartedMain] s.w.ClassOrApiAnnotationResourceGrouping : Group for method setUserDetails was v-user-controller
2018-08-22 18:47:28.296  INFO 7958 --- [restartedMain] s.w.ClassOrApiAnnotationResourceGrouping : Group for method setUserDetails was v-user-controller
2018-08-22 18:47:28.296  INFO 7958 --- [restartedMain] s.w.ClassOrApiAnnotationResourceGrouping : Group for method setUserDetails was v-user-controller
2018-08-22 18:47:28.444  INFO 7958 --- [restartedMain] com.dnmanager.ManagementStart            : Started ManagementStart in 11.113 seconds (JVM running for 12.829)
